{"numTotalTestSuites":259,"numPassedTestSuites":259,"numFailedTestSuites":0,"numPendingTestSuites":0,"numTotalTests":619,"numPassedTests":619,"numFailedTests":0,"numPendingTests":0,"numTodoTests":0,"snapshot":{"added":0,"failure":false,"filesAdded":0,"filesRemoved":0,"filesRemovedList":[],"filesUnmatched":0,"filesUpdated":0,"matched":0,"total":0,"unchecked":0,"uncheckedKeysByFile":[],"unmatched":0,"updated":0,"didUpdate":false},"startTime":1776298717972,"success":true,"testResults":[{"assertionResults":[{"ancestorTitles":["Address Mining Stress Test - Base Chain + WETH","Token ordering verification"],"fullName":"Address Mining Stress Test - Base Chain + WETH Token ordering verification should confirm Base WETH is below halfMaxUint160","status":"passed","title":"should confirm Base WETH is below halfMaxUint160","duration":1.971900000000005,"failureMessages":[],"meta":{}},{"ancestorTitles":["Address Mining Stress Test - Base Chain + WETH","Token ordering verification"],"fullName":"Address Mining Stress Test - Base Chain + WETH Token ordering verification should mine token as token1 (greater than Base WETH)","status":"passed","title":"should mine token as token1 (greater than Base WETH)","duration":800.750816,"failureMessages":[],"meta":{}},{"ancestorTitles":["Address Mining Stress Test - Base Chain + WETH","Token ordering verification"],"fullName":"Address Mining Stress Test - Base Chain + WETH Token ordering verification should confirm Mainnet WETH is above halfMaxUint160","status":"passed","title":"should confirm Mainnet WETH is above halfMaxUint160","duration":0.3659090000001015,"failureMessages":[],"meta":{}},{"ancestorTitles":["Address Mining Stress Test - Base Chain + WETH","Token ordering verification"],"fullName":"Address Mining Stress Test - Base Chain + WETH Token ordering verification should mine token as token0 (less than Mainnet WETH)","status":"passed","title":"should mine token as token0 (less than Mainnet WETH)","duration":111.76109500000007,"failureMessages":[],"meta":{}},{"ancestorTitles":["Address Mining Stress Test - Base Chain + WETH","Stress test"],"fullName":"Address Mining Stress Test - Base Chain + WETH Stress test should run 100 mining iterations and track failures","status":"passed","title":"should run 100 mining iterations and track failures","duration":23202.260098,"failureMessages":[],"meta":{}},{"ancestorTitles":["Address Mining Stress Test - Base Chain + WETH","Edge case token names"],"fullName":"Address Mining Stress Test - Base Chain + WETH Edge case token names should handle 'single character' token name","status":"passed","title":"should handle 'single character' token name","duration":47.62771300000168,"failureMessages":[],"meta":{}},{"ancestorTitles":["Address Mining Stress Test - Base Chain + WETH","Edge case token names"],"fullName":"Address Mining Stress Test - Base Chain + WETH Edge case token names should handle 'long name (50 chars)' token name","status":"passed","title":"should handle 'long name (50 chars)' token name","duration":10.81451499999821,"failureMessages":[],"meta":{}},{"ancestorTitles":["Address Mining Stress Test - Base Chain + WETH","Edge case token names"],"fullName":"Address Mining Stress Test - Base Chain + WETH Edge case token names should handle 'with spaces and numbers' token name","status":"passed","title":"should handle 'with spaces and numbers' token name","duration":47.051447000001644,"failureMessages":[],"meta":{}},{"ancestorTitles":["Address Mining Stress Test - Base Chain + WETH","Edge case token names"],"fullName":"Address Mining Stress Test - Base Chain + WETH Edge case token names should handle 'with underscore' token name","status":"passed","title":"should handle 'with underscore' token name","duration":11.310046999999031,"failureMessages":[],"meta":{}},{"ancestorTitles":["Address Mining Stress Test - Base Chain + WETH","Edge case token names"],"fullName":"Address Mining Stress Test - Base Chain + WETH Edge case token names should handle 'with hyphen' token name","status":"passed","title":"should handle 'with hyphen' token name","duration":10.602754999999888,"failureMessages":[],"meta":{}}],"startTime":1776298725563,"endTime":1776298749808.6028,"status":"passed","message":"","name":"/home/runner/work/doppler-sdk/doppler-sdk/test/evm/unit/address-mining-stress.test.ts"},{"assertionResults":[{"ancestorTitles":["C1: Runtime values must not be exported as type-only"],"fullName":"C1: Runtime values must not be exported as type-only NO_OP_ENABLED_CHAIN_IDS should be a runtime value, not undefined","status":"passed","title":"NO_OP_ENABLED_CHAIN_IDS should be a runtime value, not undefined","duration":691.694885,"failureMessages":[],"meta":{}},{"ancestorTitles":["C1: Runtime values must not be exported as type-only"],"fullName":"C1: Runtime values must not be exported as type-only isNoOpEnabledChain should be a callable function, not undefined","status":"passed","title":"isNoOpEnabledChain should be a callable function, not undefined","duration":0.41695499999991625,"failureMessages":[],"meta":{}},{"ancestorTitles":["C1: Runtime values must not be exported as type-only"],"fullName":"C1: Runtime values must not be exported as type-only LAUNCHPAD_ENABLED_CHAIN_IDS should be a runtime value, not undefined","status":"passed","title":"LAUNCHPAD_ENABLED_CHAIN_IDS should be a runtime value, not undefined","duration":0.45603799999980765,"failureMessages":[],"meta":{}},{"ancestorTitles":["C1: Runtime values must not be exported as type-only"],"fullName":"C1: Runtime values must not be exported as type-only isLaunchpadEnabledChain should be a callable function, not undefined","status":"passed","title":"isLaunchpadEnabledChain should be a callable function, not undefined","duration":0.3422539999999117,"failureMessages":[],"meta":{}},{"ancestorTitles":["C2: INK Airlock address should match generated deployment"],"fullName":"C2: INK Airlock address should match generated deployment INK airlock address should match GENERATED_DOPPLER_DEPLOYMENTS","status":"passed","title":"INK airlock address should match GENERATED_DOPPLER_DEPLOYMENTS","duration":0.2936329999999998,"failureMessages":[],"meta":{}},{"ancestorTitles":["C2: INK Airlock address should match generated deployment"],"fullName":"C2: INK Airlock address should match generated deployment INK airlock should NOT be the UniswapV4Initializer address","status":"passed","title":"INK airlock should NOT be the UniswapV4Initializer address","duration":1.1277919999999995,"failureMessages":[],"meta":{}},{"ancestorTitles":["H2: Fallback curve should not have tickLower >= tickUpper"],"fullName":"H2: Fallback curve should not have tickLower >= tickUpper fallback curve generated when user curve tickUpper equals roundMaxTickDown","status":"passed","title":"fallback curve generated when user curve tickUpper equals roundMaxTickDown","duration":2.388003000000026,"failureMessages":[],"meta":{}},{"ancestorTitles":["H3: Opening auction encodeMigrationData should pass numeraire for dopplerHook migration"],"fullName":"H3: Opening auction encodeMigrationData should pass numeraire for dopplerHook migration opening auction path passes options to encodeMigrationData","status":"passed","title":"opening auction path passes options to encodeMigrationData","duration":1.1826049999999668,"failureMessages":[],"meta":{}},{"ancestorTitles":["H5: completeOpeningAuction should not return zeroAddress when dopplerSalt is provided"],"fullName":"H5: completeOpeningAuction should not return zeroAddress when dopplerSalt is provided completion with user-supplied dopplerSalt should not set dopplerHookAddress to zeroAddress","status":"passed","title":"completion with user-supplied dopplerSalt should not set dopplerHookAddress to zeroAddress","duration":1.006704000000127,"failureMessages":[],"meta":{}},{"ancestorTitles":["H6: Unichain Sepolia v2Migrator and v4Migrator should be different"],"fullName":"H6: Unichain Sepolia v2Migrator and v4Migrator should be different v2Migrator and v4Migrator should not be the same address","status":"passed","title":"v2Migrator and v4Migrator should not be the same address","duration":0.44852399999990666,"failureMessages":[],"meta":{}},{"ancestorTitles":["H6: Unichain Sepolia v2Migrator and v4Migrator should be different"],"fullName":"H6: Unichain Sepolia v2Migrator and v4Migrator should be different v2Migrator should match generated deployment","status":"passed","title":"v2Migrator should match generated deployment","duration":0.24176499999998668,"failureMessages":[],"meta":{}},{"ancestorTitles":["H6: Unichain Sepolia v2Migrator and v4Migrator should be different"],"fullName":"H6: Unichain Sepolia v2Migrator and v4Migrator should be different v4Migrator should match generated deployment","status":"passed","title":"v4Migrator should match generated deployment","duration":0.2743159999999989,"failureMessages":[],"meta":{}},{"ancestorTitles":["H7: Timestamp byte extraction should not lose entropy for bits > 32"],"fullName":"H7: Timestamp byte extraction should not lose entropy for bits > 32 DopplerFactory generateRandomSalt uses BigInt extraction (not broken >> operator)","status":"passed","title":"DopplerFactory generateRandomSalt uses BigInt extraction (not broken >> operator)","duration":0.9275250000000597,"failureMessages":[],"meta":{}},{"ancestorTitles":["H7: Timestamp byte extraction should not lose entropy for bits > 32"],"fullName":"H7: Timestamp byte extraction should not lose entropy for bits > 32 BigInt-based extraction preserves all timestamp bits","status":"passed","title":"BigInt-based extraction preserves all timestamp bits","duration":0.586954999999989,"failureMessages":[],"meta":{}},{"ancestorTitles":["H1: mineTokenOrder should handle isToken0=true for high numeraire addresses"],"fullName":"H1: mineTokenOrder should handle isToken0=true for high numeraire addresses static auction mining always requires token > numeraire (forces token1)","status":"passed","title":"static auction mining always requires token > numeraire (forces token1)","duration":0.8410129999999754,"failureMessages":[],"meta":{}},{"ancestorTitles":["M5: Builder should validate tick values against int24 bounds"],"fullName":"M5: Builder should validate tick values against int24 bounds OpeningAuctionBuilder build() should check minAcceptableTick against int24 range","status":"passed","title":"OpeningAuctionBuilder build() should check minAcceptableTick against int24 range","duration":0.5308489999999892,"failureMessages":[],"meta":{}},{"ancestorTitles":["M5: Builder should validate tick values against int24 bounds"],"fullName":"M5: Builder should validate tick values against int24 bounds validateOpeningAuctionParams should check ticks against int24 range","status":"passed","title":"validateOpeningAuctionParams should check ticks against int24 range","duration":0.9150110000000495,"failureMessages":[],"meta":{}},{"ancestorTitles":["M9: incentiveShareBps + shareToAuctionBps should not exceed 10_000"],"fullName":"M9: incentiveShareBps + shareToAuctionBps should not exceed 10_000 validateOpeningAuctionParams should check combined bps","status":"passed","title":"validateOpeningAuctionParams should check combined bps","duration":0.8889130000000023,"failureMessages":[],"meta":{}},{"ancestorTitles":["M14: SupportedChain type should include all chains in CHAIN_IDS"],"fullName":"M14: SupportedChain type should include all chains in CHAIN_IDS all CHAIN_IDS values should have corresponding entries in ADDRESSES","status":"passed","title":"all CHAIN_IDS values should have corresponding entries in ADDRESSES","duration":0.4776080000001457,"failureMessages":[],"meta":{}},{"ancestorTitles":["H4: CreateOpeningAuctionParams types should be consistent"],"fullName":"H4: CreateOpeningAuctionParams types should be consistent Builder CreateOpeningAuctionParams and types.ts CreateOpeningAuctionParams should not diverge","status":"passed","title":"Builder CreateOpeningAuctionParams and types.ts CreateOpeningAuctionParams should not diverge","duration":1.5542039999997996,"failureMessages":[],"meta":{}},{"ancestorTitles":["T1: Phase constant values should match their semantic names"],"fullName":"T1: Phase constant values should match their semantic names OPENING_AUCTION_PHASE_ACTIVE should be 1, not 2","status":"passed","title":"OPENING_AUCTION_PHASE_ACTIVE should be 1, not 2","duration":0.38786000000004606,"failureMessages":[],"meta":{}},{"ancestorTitles":["T1: Phase constant values should match their semantic names"],"fullName":"T1: Phase constant values should match their semantic names existing test uses phase=2 but labels it \"Active\" — that is CLOSED","status":"passed","title":"existing test uses phase=2 but labels it \"Active\" — that is CLOSED","duration":0.4596050000000105,"failureMessages":[],"meta":{}},{"ancestorTitles":["T2: decodeDelta should correctly decode negative (signed) int128 values"],"fullName":"T2: decodeDelta should correctly decode negative (signed) int128 values decodes negative amount0 from a BalanceDelta","status":"passed","title":"decodes negative amount0 from a BalanceDelta","duration":0.4783700000000408,"failureMessages":[],"meta":{}},{"ancestorTitles":["T2: decodeDelta should correctly decode negative (signed) int128 values"],"fullName":"T2: decodeDelta should correctly decode negative (signed) int128 values decodes negative amount1 from a BalanceDelta","status":"passed","title":"decodes negative amount1 from a BalanceDelta","duration":0.3313539999999193,"failureMessages":[],"meta":{}},{"ancestorTitles":["T2: decodeDelta should correctly decode negative (signed) int128 values"],"fullName":"T2: decodeDelta should correctly decode negative (signed) int128 values decodes both negative amounts from a BalanceDelta","status":"passed","title":"decodes both negative amounts from a BalanceDelta","duration":0.34190300000000207,"failureMessages":[],"meta":{}},{"ancestorTitles":["L2: getLiquidityAtTick should use INT24_MIN/INT24_MAX constants"],"fullName":"L2: getLiquidityAtTick should use INT24_MIN/INT24_MAX constants INT24 bounds in constants match the hardcoded values in OpeningAuction","status":"passed","title":"INT24 bounds in constants match the hardcoded values in OpeningAuction","duration":0.2356929999998556,"failureMessages":[],"meta":{}},{"ancestorTitles":["L2: getLiquidityAtTick should use INT24_MIN/INT24_MAX constants"],"fullName":"L2: getLiquidityAtTick should use INT24_MIN/INT24_MAX constants OpeningAuction source should reference INT24_MIN/INT24_MAX, not hardcoded values","status":"passed","title":"OpeningAuction source should reference INT24_MIN/INT24_MAX, not hardcoded values","duration":0.3719900000000962,"failureMessages":[],"meta":{}},{"ancestorTitles":["L11: Dead private methods should not exist"],"fullName":"L11: Dead private methods should not exist getAirlockAddress is never called","status":"passed","title":"getAirlockAddress is never called","duration":0.9247800000000552,"failureMessages":[],"meta":{}},{"ancestorTitles":["L11: Dead private methods should not exist"],"fullName":"L11: Dead private methods should not exist getInitializerAddress is never called","status":"passed","title":"getInitializerAddress is never called","duration":1.2290029999999206,"failureMessages":[],"meta":{}},{"ancestorTitles":["L11: Dead private methods should not exist"],"fullName":"L11: Dead private methods should not exist computeCreate2Address (non-Fast) is never called","status":"passed","title":"computeCreate2Address (non-Fast) is never called","duration":1.0621080000000802,"failureMessages":[],"meta":{}},{"ancestorTitles":["L12: Multicurve should use DEFAULT_V4_YEARLY_MINT_RATE"],"fullName":"L12: Multicurve should use DEFAULT_V4_YEARLY_MINT_RATE both constants have the same value currently","status":"passed","title":"both constants have the same value currently","duration":0.26254400000016176,"failureMessages":[],"meta":{}},{"ancestorTitles":["L12: Multicurve should use DEFAULT_V4_YEARLY_MINT_RATE"],"fullName":"L12: Multicurve should use DEFAULT_V4_YEARLY_MINT_RATE multicurve token factory encoding should use V4 rate, not V3","status":"passed","title":"multicurve token factory encoding should use V4 rate, not V3","duration":0.961458999999877,"failureMessages":[],"meta":{}},{"ancestorTitles":["L13: Should use consistent zero address constant"],"fullName":"L13: Should use consistent zero address constant DopplerFactory uses both viem zeroAddress and constants ZERO_ADDRESS","status":"passed","title":"DopplerFactory uses both viem zeroAddress and constants ZERO_ADDRESS","duration":0.8477550000000065,"failureMessages":[],"meta":{}},{"ancestorTitles":["M10: Transaction receipt confirmation counts should be consistent"],"fullName":"M10: Transaction receipt confirmation counts should be consistent create method receipt calls should have confirmations: 2","status":"passed","title":"create method receipt calls should have confirmations: 2","duration":1.2430190000000039,"failureMessages":[],"meta":{}},{"ancestorTitles":["M8: Opening auction should validate migration type compatibility"],"fullName":"M8: Opening auction should validate migration type compatibility dopplerHook migration type should be explicitly handled or rejected","status":"passed","title":"dopplerHook migration type should be explicitly handled or rejected","duration":0.8261540000000878,"failureMessages":[],"meta":{}},{"ancestorTitles":["D1: Examples README should list all example files"],"fullName":"D1: Examples README should list all example files examples/README.md should mention opening-auction-lifecycle.ts","status":"passed","title":"examples/README.md should mention opening-auction-lifecycle.ts","duration":0.26711199999999735,"failureMessages":[],"meta":{}},{"ancestorTitles":["D1: Examples README should list all example files"],"fullName":"D1: Examples README should list all example files examples/README.md should mention opening-auction-bidding.ts","status":"passed","title":"examples/README.md should mention opening-auction-bidding.ts","duration":0.2965280000000803,"failureMessages":[],"meta":{}},{"ancestorTitles":["L5: encodeOwnerHookData packed format should produce valid hex"],"fullName":"L5: encodeOwnerHookData packed format should produce valid hex packed format should return a valid 42-char hex address","status":"passed","title":"packed format should return a valid 42-char hex address","duration":0.792891999999938,"failureMessages":[],"meta":{}},{"ancestorTitles":["L5: encodeOwnerHookData packed format should produce valid hex"],"fullName":"L5: encodeOwnerHookData packed format should produce valid hex abi format should produce ABI-encoded address (66 chars)","status":"passed","title":"abi format should produce ABI-encoded address (66 chars)","duration":1.027612999999974,"failureMessages":[],"meta":{}},{"ancestorTitles":["M1: isInRange should check both tick bounds"],"fullName":"M1: isInRange should check both tick bounds for token0, a position with tickLower far above clearing tick should be out of range","status":"passed","title":"for token0, a position with tickLower far above clearing tick should be out of range","duration":0.3589959999999337,"failureMessages":[],"meta":{}},{"ancestorTitles":["M7: MulticurveBuilder fee validation should reject negative fees"],"fullName":"M7: MulticurveBuilder fee validation should reject negative fees negative fee check exists in MulticurveBuilder source","status":"passed","title":"negative fee check exists in MulticurveBuilder source","duration":0.34392700000012155,"failureMessages":[],"meta":{}},{"ancestorTitles":["L15: OpeningAuctionPosition should be defined in only one place"],"fullName":"L15: OpeningAuctionPosition should be defined in only one place types.ts OpeningAuctionPosition should not duplicate entity definition","status":"passed","title":"types.ts OpeningAuctionPosition should not duplicate entity definition","duration":0.3980890000000272,"failureMessages":[],"meta":{}},{"ancestorTitles":["M6: Factory should resolve startingTime from top-level params, not params.doppler"],"fullName":"M6: Factory should resolve startingTime from top-level params, not params.doppler Factory checks params.doppler.startTimeOffset which builder never populates","status":"passed","title":"Factory checks params.doppler.startTimeOffset which builder never populates","duration":0.8065279999998438,"failureMessages":[],"meta":{}}],"startTime":1776298719624,"endTime":1776298720351.8066,"status":"passed","message":"","name":"/home/runner/work/doppler-sdk/doppler-sdk/test/evm/unit/review-findings-verification.test.ts"},{"assertionResults":[{"ancestorTitles":["mineTokenAddress for multicurve auctions"],"fullName":"mineTokenAddress for multicurve auctions mines vanity token address for multicurve with standard token","status":"passed","title":"mines vanity token address for multicurve with standard token","duration":2867.680338,"failureMessages":[],"meta":{}},{"ancestorTitles":["mineTokenAddress for multicurve auctions"],"fullName":"mineTokenAddress for multicurve auctions finds different salts for different prefixes","status":"passed","title":"finds different salts for different prefixes","duration":4.889280000000326,"failureMessages":[],"meta":{}},{"ancestorTitles":["mineTokenAddress for multicurve auctions"],"fullName":"mineTokenAddress for multicurve auctions mines with configurable start salt","status":"passed","title":"mines with configurable start salt","duration":3.22759300000007,"failureMessages":[],"meta":{}},{"ancestorTitles":["mineTokenAddress for multicurve auctions"],"fullName":"mineTokenAddress for multicurve auctions respects iteration limit","status":"passed","title":"respects iteration limit","duration":2.7837279999998827,"failureMessages":[],"meta":{}}],"startTime":1776298736540,"endTime":1776298739418.7837,"status":"passed","message":"","name":"/home/runner/work/doppler-sdk/doppler-sdk/test/evm/unit/token-address-miner-multicurve.test.ts"},{"assertionResults":[{"ancestorTitles":["mineTokenAddress"],"fullName":"mineTokenAddress mines a matching prefix for standard tokens","status":"passed","title":"mines a matching prefix for standard tokens","duration":42.437351000000035,"failureMessages":[],"meta":{}},{"ancestorTitles":["mineTokenAddress"],"fullName":"mineTokenAddress uses v80 bytecode when tokenFactory is TokenFactory80","status":"passed","title":"uses v80 bytecode when tokenFactory is TokenFactory80","duration":12.989100000000008,"failureMessages":[],"meta":{}},{"ancestorTitles":["mineTokenAddress"],"fullName":"mineTokenAddress mines a matching suffix for standard tokens","status":"passed","title":"mines a matching suffix for standard tokens","duration":3.9426279999998997,"failureMessages":[],"meta":{}},{"ancestorTitles":["mineTokenAddress"],"fullName":"mineTokenAddress mines standard-v2 token addresses using the clone init code hash","status":"passed","title":"mines standard-v2 token addresses using the clone init code hash","duration":2.2610240000000204,"failureMessages":[],"meta":{}},{"ancestorTitles":["mineTokenAddress"],"fullName":"mineTokenAddress throws when standard-v2 mining is attempted without a v2 implementation address","status":"passed","title":"throws when standard-v2 mining is attempted without a v2 implementation address","duration":5.182731999999987,"failureMessages":[],"meta":{}},{"ancestorTitles":["mineTokenAddress"],"fullName":"mineTokenAddress mines a matching prefix and suffix together","status":"passed","title":"mines a matching prefix and suffix together","duration":10.304979000000003,"failureMessages":[],"meta":{}},{"ancestorTitles":["mineTokenAddress"],"fullName":"mineTokenAddress mines doppler404 token addresses","status":"passed","title":"mines doppler404 token addresses","duration":22.624459,"failureMessages":[],"meta":{}},{"ancestorTitles":["mineTokenAddress"],"fullName":"mineTokenAddress returns hook address when hook configuration is provided","status":"passed","title":"returns hook address when hook configuration is provided","duration":254.1360299999999,"failureMessages":[],"meta":{}},{"ancestorTitles":["mineTokenAddress"],"fullName":"mineTokenAddress throws when prefix cannot be mined within iteration limit","status":"passed","title":"throws when prefix cannot be mined within iteration limit","duration":6.076503000000002,"failureMessages":[],"meta":{}},{"ancestorTitles":["mineTokenAddress"],"fullName":"mineTokenAddress throws when neither prefix nor suffix is provided","status":"passed","title":"throws when neither prefix nor suffix is provided","duration":1.2411150000000362,"failureMessages":[],"meta":{}},{"ancestorTitles":["mineTokenAddress"],"fullName":"mineTokenAddress throws on invalid suffix","status":"passed","title":"throws on invalid suffix","duration":0.7460940000000846,"failureMessages":[],"meta":{}}],"startTime":1776298726665,"endTime":1776298727027.746,"status":"passed","message":"","name":"/home/runner/work/doppler-sdk/doppler-sdk/test/evm/unit/token-address-miner.test.ts"},{"assertionResults":[{"ancestorTitles":["Type Consistency"],"fullName":"Type Consistency should have pool parameters separate from auction config","status":"passed","title":"should have pool parameters separate from auction config","duration":1.2022830000000226,"failureMessages":[],"meta":{}}],"startTime":1776298744121,"endTime":1776298744122.2024,"status":"passed","message":"","name":"/home/runner/work/doppler-sdk/doppler-sdk/test/evm/unit/type-consistency.test.ts"},{"assertionResults":[{"ancestorTitles":["V4 SDK Compatibility"],"fullName":"V4 SDK Compatibility should match V4 SDK parameters exactly","status":"passed","title":"should match V4 SDK parameters exactly","duration":628.7400410000001,"failureMessages":[],"meta":{}},{"ancestorTitles":["V4 SDK Compatibility"],"fullName":"V4 SDK Compatibility should use correct defaults when not explicitly provided","status":"passed","title":"should use correct defaults when not explicitly provided","duration":1.714625999999953,"failureMessages":[],"meta":{}}],"startTime":1776298740787,"endTime":1776298741417.7146,"status":"passed","message":"","name":"/home/runner/work/doppler-sdk/doppler-sdk/test/evm/unit/v4-compatibility.test.ts"},{"assertionResults":[{"ancestorTitles":["Builder withMarketCapRange ordering","StaticAuctionBuilder"],"fullName":"Builder withMarketCapRange ordering StaticAuctionBuilder allows withMarketCapRange before saleConfig (order-independent)","status":"passed","title":"allows withMarketCapRange before saleConfig (order-independent)","duration":2.775702000000024,"failureMessages":[],"meta":{}},{"ancestorTitles":["Builder withMarketCapRange ordering","StaticAuctionBuilder"],"fullName":"Builder withMarketCapRange ordering StaticAuctionBuilder succeeds when saleConfig is called before withMarketCapRange","status":"passed","title":"succeeds when saleConfig is called before withMarketCapRange","duration":0.677283999999986,"failureMessages":[],"meta":{}},{"ancestorTitles":["Builder withMarketCapRange ordering","StaticAuctionBuilder"],"fullName":"Builder withMarketCapRange ordering StaticAuctionBuilder throws in build if neither saleConfig nor tokenSupply is provided","status":"passed","title":"throws in build if neither saleConfig nor tokenSupply is provided","duration":1.2855690000000095,"failureMessages":[],"meta":{}},{"ancestorTitles":["Builder withMarketCapRange ordering","StaticAuctionBuilder"],"fullName":"Builder withMarketCapRange ordering StaticAuctionBuilder throws if poolByTicks is called after withMarketCapRange","status":"passed","title":"throws if poolByTicks is called after withMarketCapRange","duration":0.4534529999999677,"failureMessages":[],"meta":{}},{"ancestorTitles":["Builder withMarketCapRange ordering","StaticAuctionBuilder"],"fullName":"Builder withMarketCapRange ordering StaticAuctionBuilder throws if withMarketCapRange is called after poolByTicks","status":"passed","title":"throws if withMarketCapRange is called after poolByTicks","duration":0.4674289999999246,"failureMessages":[],"meta":{}},{"ancestorTitles":["Builder withMarketCapRange ordering","DynamicAuctionBuilder"],"fullName":"Builder withMarketCapRange ordering DynamicAuctionBuilder allows withMarketCapRange before saleConfig (order-independent)","status":"passed","title":"allows withMarketCapRange before saleConfig (order-independent)","duration":1.5398979999999938,"failureMessages":[],"meta":{}},{"ancestorTitles":["Builder withMarketCapRange ordering","DynamicAuctionBuilder"],"fullName":"Builder withMarketCapRange ordering DynamicAuctionBuilder throws in build if saleConfig not provided","status":"passed","title":"throws in build if saleConfig not provided","duration":0.8623029999999972,"failureMessages":[],"meta":{}},{"ancestorTitles":["Builder withMarketCapRange ordering","DynamicAuctionBuilder"],"fullName":"Builder withMarketCapRange ordering DynamicAuctionBuilder throws if poolConfig is called after withMarketCapRange","status":"passed","title":"throws if poolConfig is called after withMarketCapRange","duration":0.5627590000000282,"failureMessages":[],"meta":{}},{"ancestorTitles":["Builder withMarketCapRange ordering","DynamicAuctionBuilder"],"fullName":"Builder withMarketCapRange ordering DynamicAuctionBuilder throws if withMarketCapRange is called after poolConfig","status":"passed","title":"throws if withMarketCapRange is called after poolConfig","duration":0.8102249999999458,"failureMessages":[],"meta":{}},{"ancestorTitles":["Builder withMarketCapRange ordering","DynamicAuctionBuilder"],"fullName":"Builder withMarketCapRange ordering DynamicAuctionBuilder throws if poolConfig tickSpacing exceeds Doppler max","status":"passed","title":"throws if poolConfig tickSpacing exceeds Doppler max","duration":0.6664339999999811,"failureMessages":[],"meta":{}},{"ancestorTitles":["Builder withMarketCapRange ordering","DynamicAuctionBuilder"],"fullName":"Builder withMarketCapRange ordering DynamicAuctionBuilder succeeds when saleConfig is called before withMarketCapRange (no poolConfig needed)","status":"passed","title":"succeeds when saleConfig is called before withMarketCapRange (no poolConfig needed)","duration":0.6019730000000436,"failureMessages":[],"meta":{}},{"ancestorTitles":["Builder withMarketCapRange ordering","DynamicAuctionBuilder"],"fullName":"Builder withMarketCapRange ordering DynamicAuctionBuilder allows specifying custom fee in withMarketCapRange","status":"passed","title":"allows specifying custom fee in withMarketCapRange","duration":0.5039580000000115,"failureMessages":[],"meta":{}},{"ancestorTitles":["Builder withMarketCapRange ordering","DynamicAuctionBuilder"],"fullName":"Builder withMarketCapRange ordering DynamicAuctionBuilder allows custom fee with explicit tickSpacing","status":"passed","title":"allows custom fee with explicit tickSpacing","duration":0.38025600000003124,"failureMessages":[],"meta":{}},{"ancestorTitles":["Builder withMarketCapRange ordering","DynamicAuctionBuilder"],"fullName":"Builder withMarketCapRange ordering DynamicAuctionBuilder auto-derives tickSpacing for custom fee","status":"passed","title":"auto-derives tickSpacing for custom fee","duration":0.7174600000000737,"failureMessages":[],"meta":{}},{"ancestorTitles":["Builder withMarketCapRange ordering","DynamicAuctionBuilder"],"fullName":"Builder withMarketCapRange ordering DynamicAuctionBuilder throws for fee exceeding V4_MAX_FEE","status":"passed","title":"throws for fee exceeding V4_MAX_FEE","duration":0.5817440000000715,"failureMessages":[],"meta":{}},{"ancestorTitles":["Builder withMarketCapRange ordering","DynamicAuctionBuilder"],"fullName":"Builder withMarketCapRange ordering DynamicAuctionBuilder throws for tickSpacing exceeding DOPPLER_MAX_TICK_SPACING","status":"passed","title":"throws for tickSpacing exceeding DOPPLER_MAX_TICK_SPACING","duration":0.8530349999999771,"failureMessages":[],"meta":{}},{"ancestorTitles":["Builder withMarketCapRange ordering","MulticurveBuilder"],"fullName":"Builder withMarketCapRange ordering MulticurveBuilder allows withCurves before saleConfig (order-independent)","status":"passed","title":"allows withCurves before saleConfig (order-independent)","duration":25.45910200000003,"failureMessages":[],"meta":{}},{"ancestorTitles":["Builder withMarketCapRange ordering","MulticurveBuilder"],"fullName":"Builder withMarketCapRange ordering MulticurveBuilder throws in build if saleConfig not provided","status":"passed","title":"throws in build if saleConfig not provided","duration":0.6995460000000548,"failureMessages":[],"meta":{}},{"ancestorTitles":["Builder withMarketCapRange ordering","MulticurveBuilder"],"fullName":"Builder withMarketCapRange ordering MulticurveBuilder succeeds when saleConfig is called before withCurves","status":"passed","title":"succeeds when saleConfig is called before withCurves","duration":0.587976000000026,"failureMessages":[],"meta":{}},{"ancestorTitles":["Builder withMarketCapRange ordering","MulticurveBuilder"],"fullName":"Builder withMarketCapRange ordering MulticurveBuilder throws if poolConfig is called after withCurves","status":"passed","title":"throws if poolConfig is called after withCurves","duration":0.4300990000000411,"failureMessages":[],"meta":{}},{"ancestorTitles":["Builder withMarketCapRange ordering","MulticurveBuilder"],"fullName":"Builder withMarketCapRange ordering MulticurveBuilder throws if withCurves is called after poolConfig","status":"passed","title":"throws if withCurves is called after poolConfig","duration":0.37312200000008033,"failureMessages":[],"meta":{}},{"ancestorTitles":["Builder withMarketCapRange ordering","token ordering auto-detection"],"fullName":"Builder withMarketCapRange ordering token ordering auto-detection auto-detects token ordering from numeraire for StaticAuctionBuilder","status":"passed","title":"auto-detects token ordering from numeraire for StaticAuctionBuilder","duration":1.1963909999999487,"failureMessages":[],"meta":{}}],"startTime":1776298724364,"endTime":1776298724407.1963,"status":"passed","message":"","name":"/home/runner/work/doppler-sdk/doppler-sdk/test/evm/unit/builders/MarketCapRange.test.ts"},{"assertionResults":[{"ancestorTitles":["MulticurveBuilder"],"fullName":"MulticurveBuilder sorts lockable beneficiaries by address during build","status":"passed","title":"sorts lockable beneficiaries by address during build","duration":3.8002400000000307,"failureMessages":[],"meta":{}},{"ancestorTitles":["MulticurveBuilder"],"fullName":"MulticurveBuilder configures curves from market cap presets using defaults","status":"passed","title":"configures curves from market cap presets using defaults","duration":5.349244999999996,"failureMessages":[],"meta":{}},{"ancestorTitles":["MulticurveBuilder"],"fullName":"MulticurveBuilder allows overriding preset parameters","status":"passed","title":"allows overriding preset parameters","duration":3.1880989999999656,"failureMessages":[],"meta":{}},{"ancestorTitles":["MulticurveBuilder","initializer modes"],"fullName":"MulticurveBuilder initializer modes builds decay initializer config and keeps pool.fee as terminal fee","status":"passed","title":"builds decay initializer config and keeps pool.fee as terminal fee","duration":1.1245059999999967,"failureMessages":[],"meta":{}},{"ancestorTitles":["MulticurveBuilder","initializer modes"],"fullName":"MulticurveBuilder initializer modes defaults decay startTime to 0 when omitted","status":"passed","title":"defaults decay startTime to 0 when omitted","duration":0.35692200000005414,"failureMessages":[],"meta":{}},{"ancestorTitles":["MulticurveBuilder","initializer modes"],"fullName":"MulticurveBuilder initializer modes rejects decay startFee below terminal pool fee","status":"passed","title":"rejects decay startFee below terminal pool fee","duration":1.2824429999999438,"failureMessages":[],"meta":{}},{"ancestorTitles":["MulticurveBuilder","initializer modes"],"fullName":"MulticurveBuilder initializer modes allows decay startFee up to 80%","status":"passed","title":"allows decay startFee up to 80%","duration":0.30528499999991254,"failureMessages":[],"meta":{}},{"ancestorTitles":["MulticurveBuilder","initializer modes"],"fullName":"MulticurveBuilder initializer modes rejects decay startFee above 80%","status":"passed","title":"rejects decay startFee above 80%","duration":0.39956099999994876,"failureMessages":[],"meta":{}},{"ancestorTitles":["MulticurveBuilder","initializer modes"],"fullName":"MulticurveBuilder initializer modes prevents combining decay and scheduled initializers","status":"passed","title":"prevents combining decay and scheduled initializers","duration":1.1191259999999374,"failureMessages":[],"meta":{}},{"ancestorTitles":["MulticurveBuilder","initializer modes"],"fullName":"MulticurveBuilder initializer modes supports overriding decay initializer address","status":"passed","title":"supports overriding decay initializer address","duration":0.4075559999999996,"failureMessages":[],"meta":{}},{"ancestorTitles":["MulticurveBuilder","initializer modes"],"fullName":"MulticurveBuilder initializer modes builds rehype initializer config with fee schedule and distribution matrix","status":"passed","title":"builds rehype initializer config with fee schedule and distribution matrix","duration":0.931872999999996,"failureMessages":[],"meta":{}},{"ancestorTitles":["MulticurveBuilder","initializer modes"],"fullName":"MulticurveBuilder initializer modes normalizes legacy rehype fields into fee schedule and matrix fields","status":"passed","title":"normalizes legacy rehype fields into fee schedule and matrix fields","duration":0.609958000000006,"failureMessages":[],"meta":{}},{"ancestorTitles":["MulticurveBuilder","initializer modes"],"fullName":"MulticurveBuilder initializer modes rejects rehype configs where a distribution row does not sum to WAD","status":"passed","title":"rejects rehype configs where a distribution row does not sum to WAD","duration":0.5421800000000303,"failureMessages":[],"meta":{}},{"ancestorTitles":["MulticurveBuilder","withCurves"],"fullName":"MulticurveBuilder withCurves configures curves from market cap ranges (no tick math)","status":"passed","title":"configures curves from market cap ranges (no tick math)","duration":24.740861999999993,"failureMessages":[],"meta":{}},{"ancestorTitles":["MulticurveBuilder","withCurves"],"fullName":"MulticurveBuilder withCurves works with only a single curve","status":"passed","title":"works with only a single curve","duration":0.550976999999989,"failureMessages":[],"meta":{}},{"ancestorTitles":["MulticurveBuilder","withCurves"],"fullName":"MulticurveBuilder withCurves throws if shares do not equal 100%","status":"passed","title":"throws if shares do not equal 100%","duration":0.8662399999999479,"failureMessages":[],"meta":{}},{"ancestorTitles":["MulticurveBuilder","withCurves"],"fullName":"MulticurveBuilder withCurves allows withCurves before saleConfig (order-independent)","status":"passed","title":"allows withCurves before saleConfig (order-independent)","duration":2.0209429999999884,"failureMessages":[],"meta":{}},{"ancestorTitles":["MulticurveBuilder","withCurves"],"fullName":"MulticurveBuilder withCurves throws in build if saleConfig not provided","status":"passed","title":"throws in build if saleConfig not provided","duration":0.46887200000003304,"failureMessages":[],"meta":{}},{"ancestorTitles":["MulticurveBuilder","withCurves"],"fullName":"MulticurveBuilder withCurves throws if there is a gap between curves","status":"passed","title":"throws if there is a gap between curves","duration":0.9299299999998993,"failureMessages":[],"meta":{}},{"ancestorTitles":["MulticurveBuilder","withCurves"],"fullName":"MulticurveBuilder withCurves allows overlapping curves","status":"passed","title":"allows overlapping curves","duration":0.38068599999996877,"failureMessages":[],"meta":{}},{"ancestorTitles":["MulticurveBuilder","withCurves"],"fullName":"MulticurveBuilder withCurves throws if startMarketCap >= endMarketCap","status":"passed","title":"throws if startMarketCap >= endMarketCap","duration":0.582606999999939,"failureMessages":[],"meta":{}},{"ancestorTitles":["MulticurveBuilder","withCurves"],"fullName":"MulticurveBuilder withCurves throws if numPositions is not positive","status":"passed","title":"throws if numPositions is not positive","duration":0.31118500000002314,"failureMessages":[],"meta":{}},{"ancestorTitles":["MulticurveBuilder","withCurves"],"fullName":"MulticurveBuilder withCurves throws if numerairePrice is not positive","status":"passed","title":"throws if numerairePrice is not positive","duration":0.28344300000003386,"failureMessages":[],"meta":{}},{"ancestorTitles":["MulticurveBuilder","withCurves"],"fullName":"MulticurveBuilder withCurves throws if market cap is not positive","status":"passed","title":"throws if market cap is not positive","duration":0.8780020000000377,"failureMessages":[],"meta":{}},{"ancestorTitles":["MulticurveBuilder","withCurves"],"fullName":"MulticurveBuilder withCurves throws if curves array is empty","status":"passed","title":"throws if curves array is empty","duration":0.38607600000000275,"failureMessages":[],"meta":{}},{"ancestorTitles":["MulticurveBuilder","withCurves"],"fullName":"MulticurveBuilder withCurves accepts curves in reverse order and outputs in ascending market cap order","status":"passed","title":"accepts curves in reverse order and outputs in ascending market cap order","duration":0.650763999999981,"failureMessages":[],"meta":{}},{"ancestorTitles":["MulticurveBuilder","withCurves"],"fullName":"MulticurveBuilder withCurves accepts curves in random order and outputs in ascending market cap order","status":"passed","title":"accepts curves in random order and outputs in ascending market cap order","duration":0.6886150000000271,"failureMessages":[],"meta":{}},{"ancestorTitles":["MulticurveBuilder","withCurves"],"fullName":"MulticurveBuilder withCurves detects gap between curves regardless of input order","status":"passed","title":"detects gap between curves regardless of input order","duration":0.4551960000000008,"failureMessages":[],"meta":{}},{"ancestorTitles":["MulticurveBuilder","withCurves"],"fullName":"MulticurveBuilder withCurves sorts curves with same start by end market cap","status":"passed","title":"sorts curves with same start by end market cap","duration":0.36904500000002827,"failureMessages":[],"meta":{}},{"ancestorTitles":["MulticurveBuilder","withCurves"],"fullName":"MulticurveBuilder withCurves accepts \"max\" as end market cap for last curve","status":"passed","title":"accepts \"max\" as end market cap for last curve","duration":1.240513999999962,"failureMessages":[],"meta":{}},{"ancestorTitles":["MulticurveBuilder","withCurves"],"fullName":"MulticurveBuilder withCurves sorts curve with \"max\" end to last position","status":"passed","title":"sorts curve with \"max\" end to last position","duration":2.4940330000000586,"failureMessages":[],"meta":{}}],"startTime":1776298721080,"endTime":1776298721139.4941,"status":"passed","message":"","name":"/home/runner/work/doppler-sdk/doppler-sdk/test/evm/unit/builders/MulticurveBuilder.test.ts"},{"assertionResults":[{"ancestorTitles":["MulticurveBuilder - Vesting with multiple beneficiaries"],"fullName":"MulticurveBuilder - Vesting with multiple beneficiaries builds params with single vesting beneficiary (default behavior)","status":"passed","title":"builds params with single vesting beneficiary (default behavior)","duration":3.4928140000000667,"failureMessages":[],"meta":{}},{"ancestorTitles":["MulticurveBuilder - Vesting with multiple beneficiaries"],"fullName":"MulticurveBuilder - Vesting with multiple beneficiaries builds params with multiple vesting beneficiaries","status":"passed","title":"builds params with multiple vesting beneficiaries","duration":2.516296000000011,"failureMessages":[],"meta":{}},{"ancestorTitles":["MulticurveBuilder - Vesting with multiple beneficiaries"],"fullName":"MulticurveBuilder - Vesting with multiple beneficiaries allows clearing vesting by passing undefined","status":"passed","title":"allows clearing vesting by passing undefined","duration":0.357483000000002,"failureMessages":[],"meta":{}},{"ancestorTitles":["MulticurveBuilder - Vesting with multiple beneficiaries"],"fullName":"MulticurveBuilder - Vesting with multiple beneficiaries preserves all vesting properties including recipients and amounts","status":"passed","title":"preserves all vesting properties including recipients and amounts","duration":0.4961240000000089,"failureMessages":[],"meta":{}},{"ancestorTitles":["MulticurveBuilder - Vesting with multiple beneficiaries"],"fullName":"MulticurveBuilder - Vesting with multiple beneficiaries preserves per-beneficiary allocations for V2 vesting","status":"passed","title":"preserves per-beneficiary allocations for V2 vesting","duration":1.6648440000000164,"failureMessages":[],"meta":{}},{"ancestorTitles":["MulticurveBuilder - Vesting with multiple beneficiaries"],"fullName":"MulticurveBuilder - Vesting with multiple beneficiaries rejects custom schedule durations that exceed safe integer range","status":"passed","title":"rejects custom schedule durations that exceed safe integer range","duration":1.232921000000033,"failureMessages":[],"meta":{}}],"startTime":1776298731820,"endTime":1776298731829.233,"status":"passed","message":"","name":"/home/runner/work/doppler-sdk/doppler-sdk/test/evm/unit/builders/MulticurveVesting.test.ts"},{"assertionResults":[{"ancestorTitles":["OpeningAuctionBuilder","required fields"],"fullName":"OpeningAuctionBuilder required fields throws when token is missing","status":"passed","title":"throws when token is missing","duration":1.947924999999941,"failureMessages":[],"meta":{}},{"ancestorTitles":["OpeningAuctionBuilder","required fields"],"fullName":"OpeningAuctionBuilder required fields throws when sale is missing","status":"passed","title":"throws when sale is missing","duration":0.33060199999999895,"failureMessages":[],"meta":{}},{"ancestorTitles":["OpeningAuctionBuilder","required fields"],"fullName":"OpeningAuctionBuilder required fields throws when openingAuction is missing","status":"passed","title":"throws when openingAuction is missing","duration":0.20715000000006967,"failureMessages":[],"meta":{}},{"ancestorTitles":["OpeningAuctionBuilder","required fields"],"fullName":"OpeningAuctionBuilder required fields throws when doppler is missing","status":"passed","title":"throws when doppler is missing","duration":0.19215199999996457,"failureMessages":[],"meta":{}},{"ancestorTitles":["OpeningAuctionBuilder","required fields"],"fullName":"OpeningAuctionBuilder required fields throws when migration is missing","status":"passed","title":"throws when migration is missing","duration":0.22965299999998479,"failureMessages":[],"meta":{}},{"ancestorTitles":["OpeningAuctionBuilder","required fields"],"fullName":"OpeningAuctionBuilder required fields throws when userAddress is missing","status":"passed","title":"throws when userAddress is missing","duration":0.22669700000005832,"failureMessages":[],"meta":{}},{"ancestorTitles":["OpeningAuctionBuilder","default resolution"],"fullName":"OpeningAuctionBuilder default resolution resolves doppler defaults when optional values are omitted","status":"passed","title":"resolves doppler defaults when optional values are omitted","duration":0.8406619999999521,"failureMessages":[],"meta":{}},{"ancestorTitles":["OpeningAuctionBuilder","withTime"],"fullName":"OpeningAuctionBuilder withTime throws if startTimeOffset and startingTime are both provided","status":"passed","title":"throws if startTimeOffset and startingTime are both provided","duration":0.3815779999999904,"failureMessages":[],"meta":{}},{"ancestorTitles":["OpeningAuctionBuilder","tick spacing validation"],"fullName":"OpeningAuctionBuilder tick spacing validation throws if openingAuction.tickSpacing is not divisible by doppler.tickSpacing","status":"passed","title":"throws if openingAuction.tickSpacing is not divisible by doppler.tickSpacing","duration":0.44942300000002433,"failureMessages":[],"meta":{}},{"ancestorTitles":["OpeningAuctionBuilder","governance defaults by chain"],"fullName":"OpeningAuctionBuilder governance defaults by chain defaults to noOp governance on no-op-enabled chains","status":"passed","title":"defaults to noOp governance on no-op-enabled chains","duration":0.7682560000000649,"failureMessages":[],"meta":{}},{"ancestorTitles":["OpeningAuctionBuilder","governance defaults by chain"],"fullName":"OpeningAuctionBuilder governance defaults by chain defaults to default governance on chains without no-op governance","status":"passed","title":"defaults to default governance on chains without no-op governance","duration":0.2100950000000239,"failureMessages":[],"meta":{}},{"ancestorTitles":["OpeningAuctionBuilder","module overrides"],"fullName":"OpeningAuctionBuilder module overrides sets opening-auction initializer and position-manager overrides in modules","status":"passed","title":"sets opening-auction initializer and position-manager overrides in modules","duration":0.8910869999999704,"failureMessages":[],"meta":{}}],"startTime":1776298739974,"endTime":1776298739981.891,"status":"passed","message":"","name":"/home/runner/work/doppler-sdk/doppler-sdk/test/evm/unit/builders/OpeningAuctionBuilder.test.ts"},{"assertionResults":[{"ancestorTitles":["StaticAuctionBuilder","withBeneficiaries"],"fullName":"StaticAuctionBuilder withBeneficiaries sorts beneficiaries by address during build","status":"passed","title":"sorts beneficiaries by address during build","duration":3.0603099999999586,"failureMessages":[],"meta":{}},{"ancestorTitles":["StaticAuctionBuilder","withBeneficiaries"],"fullName":"StaticAuctionBuilder withBeneficiaries includes beneficiaries in pool config when provided","status":"passed","title":"includes beneficiaries in pool config when provided","duration":1.4882610000000795,"failureMessages":[],"meta":{}},{"ancestorTitles":["StaticAuctionBuilder","withBeneficiaries"],"fullName":"StaticAuctionBuilder withBeneficiaries does not include beneficiaries when not provided","status":"passed","title":"does not include beneficiaries when not provided","duration":0.3521019999999453,"failureMessages":[],"meta":{}},{"ancestorTitles":["StaticAuctionBuilder","withBeneficiaries"],"fullName":"StaticAuctionBuilder withBeneficiaries handles case-insensitive address sorting","status":"passed","title":"handles case-insensitive address sorting","duration":0.4103730000000496,"failureMessages":[],"meta":{}},{"ancestorTitles":["StaticAuctionBuilder","withBeneficiaries"],"fullName":"StaticAuctionBuilder withBeneficiaries preserves pool config when beneficiaries are added","status":"passed","title":"preserves pool config when beneficiaries are added","duration":0.7225999999999431,"failureMessages":[],"meta":{}}],"startTime":1776298734249,"endTime":1776298734255.7227,"status":"passed","message":"","name":"/home/runner/work/doppler-sdk/doppler-sdk/test/evm/unit/builders/StaticAuctionBuilder.test.ts"},{"assertionResults":[{"ancestorTitles":["BaseAuctionBuilder interface"],"fullName":"BaseAuctionBuilder interface StaticAuctionBuilder implements BaseAuctionBuilder","status":"passed","title":"StaticAuctionBuilder implements BaseAuctionBuilder","duration":2.25768800000003,"failureMessages":[],"meta":{}},{"ancestorTitles":["BaseAuctionBuilder interface"],"fullName":"BaseAuctionBuilder interface DynamicAuctionBuilder implements BaseAuctionBuilder","status":"passed","title":"DynamicAuctionBuilder implements BaseAuctionBuilder","duration":0.6561850000000504,"failureMessages":[],"meta":{}},{"ancestorTitles":["BaseAuctionBuilder interface"],"fullName":"BaseAuctionBuilder interface MulticurveBuilder implements BaseAuctionBuilder","status":"passed","title":"MulticurveBuilder implements BaseAuctionBuilder","duration":2.4288300000000618,"failureMessages":[],"meta":{}}],"startTime":1776298742921,"endTime":1776298742926.4287,"status":"passed","message":"","name":"/home/runner/work/doppler-sdk/doppler-sdk/test/evm/unit/builders/interface.test.ts"},{"assertionResults":[{"ancestorTitles":["Derc20","Read methods"],"fullName":"Derc20 Read methods should get token name","status":"passed","title":"should get token name","duration":8.522872000000007,"failureMessages":[],"meta":{}},{"ancestorTitles":["Derc20","Read methods"],"fullName":"Derc20 Read methods should get token symbol","status":"passed","title":"should get token symbol","duration":1.392661999999973,"failureMessages":[],"meta":{}},{"ancestorTitles":["Derc20","Read methods"],"fullName":"Derc20 Read methods should get token decimals","status":"passed","title":"should get token decimals","duration":1.5569510000000264,"failureMessages":[],"meta":{}},{"ancestorTitles":["Derc20","Read methods"],"fullName":"Derc20 Read methods should get token URI","status":"passed","title":"should get token URI","duration":1.0895599999998922,"failureMessages":[],"meta":{}},{"ancestorTitles":["Derc20","Read methods"],"fullName":"Derc20 Read methods should get allowance","status":"passed","title":"should get allowance","duration":1.7079649999999447,"failureMessages":[],"meta":{}},{"ancestorTitles":["Derc20","Read methods"],"fullName":"Derc20 Read methods should get balance of account","status":"passed","title":"should get balance of account","duration":1.1831770000000006,"failureMessages":[],"meta":{}},{"ancestorTitles":["Derc20","Read methods"],"fullName":"Derc20 Read methods should get total supply","status":"passed","title":"should get total supply","duration":1.0515499999999065,"failureMessages":[],"meta":{}},{"ancestorTitles":["Derc20","Read methods"],"fullName":"Derc20 Read methods should get vesting duration","status":"passed","title":"should get vesting duration","duration":1.0719970000000103,"failureMessages":[],"meta":{}},{"ancestorTitles":["Derc20","Read methods"],"fullName":"Derc20 Read methods should get vesting start","status":"passed","title":"should get vesting start","duration":1.8955670000000282,"failureMessages":[],"meta":{}},{"ancestorTitles":["Derc20","Read methods"],"fullName":"Derc20 Read methods should get vested total amount","status":"passed","title":"should get vested total amount","duration":1.4501600000000963,"failureMessages":[],"meta":{}},{"ancestorTitles":["Derc20","Read methods"],"fullName":"Derc20 Read methods should compute available vested amount","status":"passed","title":"should compute available vested amount","duration":1.2753000000000156,"failureMessages":[],"meta":{}},{"ancestorTitles":["Derc20","Read methods"],"fullName":"Derc20 Read methods should get yearly mint rate","status":"passed","title":"should get yearly mint rate","duration":0.797772000000009,"failureMessages":[],"meta":{}},{"ancestorTitles":["Derc20","Read methods"],"fullName":"Derc20 Read methods should get pool address","status":"passed","title":"should get pool address","duration":0.6877540000000408,"failureMessages":[],"meta":{}},{"ancestorTitles":["Derc20","Read methods"],"fullName":"Derc20 Read methods should check if pool is unlocked","status":"passed","title":"should check if pool is unlocked","duration":0.6840379999999868,"failureMessages":[],"meta":{}},{"ancestorTitles":["Derc20","Read methods"],"fullName":"Derc20 Read methods should get current year start","status":"passed","title":"should get current year start","duration":1.0580220000000509,"failureMessages":[],"meta":{}},{"ancestorTitles":["Derc20","Read methods"],"fullName":"Derc20 Read methods should get last mint timestamp","status":"passed","title":"should get last mint timestamp","duration":0.7784249999999702,"failureMessages":[],"meta":{}},{"ancestorTitles":["Derc20","Read methods"],"fullName":"Derc20 Read methods should get vesting data for account","status":"passed","title":"should get vesting data for account","duration":2.821360000000027,"failureMessages":[],"meta":{}},{"ancestorTitles":["Derc20","Write methods"],"fullName":"Derc20 Write methods should approve spending","status":"passed","title":"should approve spending","duration":0.9885209999999915,"failureMessages":[],"meta":{}},{"ancestorTitles":["Derc20","Write methods"],"fullName":"Derc20 Write methods should release vested tokens","status":"passed","title":"should release vested tokens","duration":1.586396000000036,"failureMessages":[],"meta":{}},{"ancestorTitles":["Derc20","Write methods"],"fullName":"Derc20 Write methods should throw error without wallet client","status":"passed","title":"should throw error without wallet client","duration":2.648343999999952,"failureMessages":[],"meta":{}}],"startTime":1776298727988,"endTime":1776298728023.6484,"status":"passed","message":"","name":"/home/runner/work/doppler-sdk/doppler-sdk/test/evm/unit/entities/Derc20.test.ts"},{"assertionResults":[{"ancestorTitles":["Derc20V2"],"fullName":"Derc20V2 reads the vesting schedule count","status":"passed","title":"reads the vesting schedule count","duration":9.01779399999998,"failureMessages":[],"meta":{}},{"ancestorTitles":["Derc20V2"],"fullName":"Derc20V2 reads an individual vesting schedule","status":"passed","title":"reads an individual vesting schedule","duration":1.8166089999999713,"failureMessages":[],"meta":{}},{"ancestorTitles":["Derc20V2"],"fullName":"Derc20V2 reads schedule ids for a beneficiary","status":"passed","title":"reads schedule ids for a beneficiary","duration":1.5294379999999137,"failureMessages":[],"meta":{}},{"ancestorTitles":["Derc20V2"],"fullName":"Derc20V2 reads the total allocated amount for a beneficiary","status":"passed","title":"reads the total allocated amount for a beneficiary","duration":1.5007150000000138,"failureMessages":[],"meta":{}},{"ancestorTitles":["Derc20V2"],"fullName":"Derc20V2 reads the vested amount available for a schedule","status":"passed","title":"reads the vested amount available for a schedule","duration":1.5978670000000648,"failureMessages":[],"meta":{}},{"ancestorTitles":["Derc20V2"],"fullName":"Derc20V2 reads vesting data for a schedule","status":"passed","title":"reads vesting data for a schedule","duration":1.254310999999916,"failureMessages":[],"meta":{}},{"ancestorTitles":["Derc20V2"],"fullName":"Derc20V2 releases vested tokens for the caller under a schedule","status":"passed","title":"releases vested tokens for the caller under a schedule","duration":1.5563899999999649,"failureMessages":[],"meta":{}},{"ancestorTitles":["Derc20V2"],"fullName":"Derc20V2 releases all vested tokens for a beneficiary","status":"passed","title":"releases all vested tokens for a beneficiary","duration":1.7436719999999468,"failureMessages":[],"meta":{}},{"ancestorTitles":["Derc20V2"],"fullName":"Derc20V2 releases vested tokens for a beneficiary under a specific schedule","status":"passed","title":"releases vested tokens for a beneficiary under a specific schedule","duration":1.5152320000000827,"failureMessages":[],"meta":{}},{"ancestorTitles":["Derc20V2"],"fullName":"Derc20V2 throws on write methods without a wallet client","status":"passed","title":"throws on write methods without a wallet client","duration":2.884168999999929,"failureMessages":[],"meta":{}}],"startTime":1776298735225,"endTime":1776298735249.8843,"status":"passed","message":"","name":"/home/runner/work/doppler-sdk/doppler-sdk/test/evm/unit/entities/Derc20V2.test.ts"},{"assertionResults":[{"ancestorTitles":["DopplerFactory Custom Migration Encoder"],"fullName":"DopplerFactory Custom Migration Encoder should use custom migration encoder when provided","status":"passed","title":"should use custom migration encoder when provided","duration":82.58757600000001,"failureMessages":[],"meta":{}},{"ancestorTitles":["DopplerFactory Custom Migration Encoder"],"fullName":"DopplerFactory Custom Migration Encoder should fall back to default encoding when no custom encoder provided","status":"passed","title":"should fall back to default encoding when no custom encoder provided","duration":2.2768459999999777,"failureMessages":[],"meta":{}},{"ancestorTitles":["DopplerFactory Custom Migration Encoder"],"fullName":"DopplerFactory Custom Migration Encoder returns empty migration payload for default V3 config","status":"passed","title":"returns empty migration payload for default V3 config","duration":4.895603999999935,"failureMessages":[],"meta":{}},{"ancestorTitles":["DopplerFactory Custom Migration Encoder"],"fullName":"DopplerFactory Custom Migration Encoder returns empty migration payload for default V4 config","status":"passed","title":"returns empty migration payload for default V4 config","duration":1.8296639999999798,"failureMessages":[],"meta":{}},{"ancestorTitles":["DopplerFactory Custom Migration Encoder"],"fullName":"DopplerFactory Custom Migration Encoder encodes migration payload when V4 streamable fees configured","status":"passed","title":"encodes migration payload when V4 streamable fees configured","duration":2.500376000000074,"failureMessages":[],"meta":{}},{"ancestorTitles":["DopplerFactory Custom Migration Encoder"],"fullName":"DopplerFactory Custom Migration Encoder should handle V2 migration with custom encoder","status":"passed","title":"should handle V2 migration with custom encoder","duration":2.1418619999999464,"failureMessages":[],"meta":{}},{"ancestorTitles":["DopplerFactory Custom Migration Encoder"],"fullName":"DopplerFactory Custom Migration Encoder should handle V4 migration with custom encoder","status":"passed","title":"should handle V4 migration with custom encoder","duration":3.0147839999999633,"failureMessages":[],"meta":{}},{"ancestorTitles":["DopplerFactory Custom Migration Encoder"],"fullName":"DopplerFactory Custom Migration Encoder should support fluent method chaining","status":"passed","title":"should support fluent method chaining","duration":3.7837489999999434,"failureMessages":[],"meta":{}},{"ancestorTitles":["DopplerFactory Custom Migration Encoder"],"fullName":"DopplerFactory Custom Migration Encoder mines salt until the token sorts after the numeraire","status":"passed","title":"mines salt until the token sorts after the numeraire","duration":3.871246000000042,"failureMessages":[],"meta":{}}],"startTime":1776298734037,"endTime":1776298734144.8713,"status":"passed","message":"","name":"/home/runner/work/doppler-sdk/doppler-sdk/test/evm/unit/entities/DopplerFactory.customEncoder.test.ts"},{"assertionResults":[{"ancestorTitles":["DopplerFactory governance encoding"],"fullName":"DopplerFactory governance encoding omits governance payload for static auctions with noOp governance","status":"passed","title":"omits governance payload for static auctions with noOp governance","duration":5.395672999999988,"failureMessages":[],"meta":{}},{"ancestorTitles":["DopplerFactory governance encoding"],"fullName":"DopplerFactory governance encoding omits governance payload for dynamic auctions with noOp governance","status":"passed","title":"omits governance payload for dynamic auctions with noOp governance","duration":374.470459,"failureMessages":[],"meta":{}},{"ancestorTitles":["DopplerFactory governance encoding"],"fullName":"DopplerFactory governance encoding omits governance payload for multicurve auctions with noOp governance","status":"passed","title":"omits governance payload for multicurve auctions with noOp governance","duration":1.6950590000000147,"failureMessages":[],"meta":{}}],"startTime":1776298741425,"endTime":1776298741806.695,"status":"passed","message":"","name":"/home/runner/work/doppler-sdk/doppler-sdk/test/evm/unit/entities/DopplerFactory.governance.test.ts"},{"assertionResults":[{"ancestorTitles":["DopplerFactory - Token Ordering Mining","Normal numeraire (small address)"],"fullName":"DopplerFactory - Token Ordering Mining Normal numeraire (small address) should mine token as token1 (greater than numeraire) for low addresses","status":"passed","title":"should mine token as token1 (greater than numeraire) for low addresses","duration":335.84228499999995,"failureMessages":[],"meta":{}},{"ancestorTitles":["DopplerFactory - Token Ordering Mining","Normal numeraire (small address)"],"fullName":"DopplerFactory - Token Ordering Mining Normal numeraire (small address) should mine token as token0 (less than numeraire) for WETH","status":"passed","title":"should mine token as token0 (less than numeraire) for WETH","duration":664.8547150000002,"failureMessages":[],"meta":{}},{"ancestorTitles":["DopplerFactory - Token Ordering Mining","Normal numeraire (small address)"],"fullName":"DopplerFactory - Token Ordering Mining Normal numeraire (small address) should mine token as token1 for zero address (ETH)","status":"passed","title":"should mine token as token1 for zero address (ETH)","duration":286.9626229999999,"failureMessages":[],"meta":{}},{"ancestorTitles":["DopplerFactory - Token Ordering Mining","Various numeraire addresses"],"fullName":"DopplerFactory - Token Ordering Mining Various numeraire addresses should mine token as token1 for mid-range addresses","status":"passed","title":"should mine token as token1 for mid-range addresses","duration":780.6661239999999,"failureMessages":[],"meta":{}},{"ancestorTitles":["DopplerFactory - Token Ordering Mining","Various numeraire addresses"],"fullName":"DopplerFactory - Token Ordering Mining Various numeraire addresses should mine token as token0 for high-value addresses > halfMaxUint160","status":"passed","title":"should mine token as token0 for high-value addresses > halfMaxUint160","duration":32.906746999999996,"failureMessages":[],"meta":{}},{"ancestorTitles":["DopplerFactory - Token Ordering Mining","Various numeraire addresses"],"fullName":"DopplerFactory - Token Ordering Mining Various numeraire addresses should handle edge case at exactly halfMaxUint160","status":"passed","title":"should handle edge case at exactly halfMaxUint160","duration":811.9639129999996,"failureMessages":[],"meta":{}},{"ancestorTitles":["DopplerFactory - Token Ordering Mining","Various numeraire addresses"],"fullName":"DopplerFactory - Token Ordering Mining Various numeraire addresses should handle edge case just above halfMaxUint160","status":"passed","title":"should handle edge case just above halfMaxUint160","duration":1374.9561039999994,"failureMessages":[],"meta":{}},{"ancestorTitles":["DopplerFactory - Token Ordering Mining","Mining success within iteration limit"],"fullName":"DopplerFactory - Token Ordering Mining Mining success within iteration limit should find valid salt for WETH numeraire within reasonable iterations","status":"passed","title":"should find valid salt for WETH numeraire within reasonable iterations","duration":716.4727909999992,"failureMessages":[],"meta":{}},{"ancestorTitles":["DopplerFactory - Token Ordering Mining","Mining success within iteration limit"],"fullName":"DopplerFactory - Token Ordering Mining Mining success within iteration limit should find valid salt for various numeraire addresses","status":"passed","title":"should find valid salt for various numeraire addresses","duration":1553.1380780000009,"failureMessages":[],"meta":{}}],"startTime":1776298726746,"endTime":1776298733305.1382,"status":"passed","message":"","name":"/home/runner/work/doppler-sdk/doppler-sdk/test/evm/unit/entities/DopplerFactory.mining.test.ts"},{"assertionResults":[{"ancestorTitles":["DopplerFactory opening-auction completion mining correctness"],"fullName":"DopplerFactory opening-auction completion mining correctness 'subtracts reserved incentives from as…'","status":"passed","title":"'subtracts reserved incentives from as…'","duration":10.917282000000114,"failureMessages":[],"meta":{}},{"ancestorTitles":["DopplerFactory opening-auction completion mining correctness"],"fullName":"DopplerFactory opening-auction completion mining correctness 'floors reserved incentives at 0 when …'","status":"passed","title":"'floors reserved incentives at 0 when …'","duration":3.0126189999998587,"failureMessages":[],"meta":{}},{"ancestorTitles":["DopplerFactory opening-auction completion mining correctness"],"fullName":"DopplerFactory opening-auction completion mining correctness 'floors unsold tokens at 0 when reserv…'","status":"passed","title":"'floors unsold tokens at 0 when reserv…'","duration":2.5275460000000294,"failureMessages":[],"meta":{}},{"ancestorTitles":["DopplerFactory opening-auction completion mining correctness"],"fullName":"DopplerFactory opening-auction completion mining correctness aligns clearingTick by direction and clamps to aligned MIN/MAX bounds","status":"passed","title":"aligns clearingTick by direction and clamps to aligned MIN/MAX bounds","duration":4.102480000000014,"failureMessages":[],"meta":{}},{"ancestorTitles":["DopplerFactory opening-auction completion mining correctness"],"fullName":"DopplerFactory opening-auction completion mining correctness shifts startingTime/endingTime when latest block timestamp is >= doppler startingTime","status":"passed","title":"shifts startingTime/endingTime when latest block timestamp is >= doppler startingTime","duration":5.44718899999998,"failureMessages":[],"meta":{}},{"ancestorTitles":["DopplerFactory opening-auction completion mining correctness"],"fullName":"DopplerFactory opening-auction completion mining correctness advances startSalt and retries when first mined hook address has bytecode","status":"passed","title":"advances startSalt and retries when first mined hook address has bytecode","duration":2.5741539999999077,"failureMessages":[],"meta":{}}],"startTime":1776298725620,"endTime":1776298725648.5742,"status":"passed","message":"","name":"/home/runner/work/doppler-sdk/doppler-sdk/test/evm/unit/entities/DopplerFactory.openingAuction.completionMining.test.ts"},{"assertionResults":[{"ancestorTitles":["DopplerFactory opening auction miner"],"fullName":"DopplerFactory opening auction miner returns a hook address satisfying OPENING_AUCTION_FLAGS mask","status":"passed","title":"returns a hook address satisfying OPENING_AUCTION_FLAGS mask","duration":463.5479409999999,"failureMessages":[],"meta":{}},{"ancestorTitles":["DopplerFactory opening auction miner"],"fullName":"DopplerFactory opening auction miner mines token address > numeraire for small numeraires","status":"passed","title":"mines token address > numeraire for small numeraires","duration":381.80370700000003,"failureMessages":[],"meta":{}},{"ancestorTitles":["DopplerFactory opening auction miner"],"fullName":"DopplerFactory opening auction miner mines token address < numeraire for large numeraires (>= 0x8...)","status":"passed","title":"mines token address < numeraire for large numeraires (>= 0x8...)","duration":1788.0189500000001,"failureMessages":[],"meta":{}},{"ancestorTitles":["DopplerFactory opening auction miner"],"fullName":"DopplerFactory opening auction miner is deterministic for identical inputs","status":"passed","title":"is deterministic for identical inputs","duration":673.9974939999997,"failureMessages":[],"meta":{}},{"ancestorTitles":["DopplerFactory opening auction miner"],"fullName":"DopplerFactory opening auction miner returns encodedTokenFactoryData matching encodeAbiParameters for standard variant","status":"passed","title":"returns encodedTokenFactoryData matching encodeAbiParameters for standard variant","duration":262.2528850000008,"failureMessages":[],"meta":{}},{"ancestorTitles":["DopplerFactory opening auction miner"],"fullName":"DopplerFactory opening auction miner returns encodedTokenFactoryData matching encodeAbiParameters for doppler404 variant","status":"passed","title":"returns encodedTokenFactoryData matching encodeAbiParameters for doppler404 variant","duration":306.4385770000008,"failureMessages":[],"meta":{}}],"startTime":1776298736221,"endTime":1776298740097.4385,"status":"passed","message":"","name":"/home/runner/work/doppler-sdk/doppler-sdk/test/evm/unit/entities/DopplerFactory.openingAuction.openingMiner.test.ts"},{"assertionResults":[{"ancestorTitles":["DopplerFactory opening auction methods"],"fullName":"DopplerFactory opening auction methods encodeCreateOpeningAuctionParams fails when initializer is not configured","status":"passed","title":"encodeCreateOpeningAuctionParams fails when initializer is not configured","duration":8.43180499999994,"failureMessages":[],"meta":{}},{"ancestorTitles":["DopplerFactory opening auction methods"],"fullName":"DopplerFactory opening auction methods encodeCreateOpeningAuctionParams succeeds with module override and mocked mining","status":"passed","title":"encodeCreateOpeningAuctionParams succeeds with module override and mocked mining","duration":9.002369000000044,"failureMessages":[],"meta":{}},{"ancestorTitles":["DopplerFactory opening auction methods"],"fullName":"DopplerFactory opening auction methods simulateCreateOpeningAuction returns hook/token/salt and executable callback","status":"passed","title":"simulateCreateOpeningAuction returns hook/token/salt and executable callback","duration":3.2423200000000634,"failureMessages":[],"meta":{}},{"ancestorTitles":["DopplerFactory opening auction methods"],"fullName":"DopplerFactory opening auction methods completeOpeningAuction auto-settles when phase is not settled and explicit dopplerSalt is provided","status":"passed","title":"completeOpeningAuction auto-settles when phase is not settled and explicit dopplerSalt is provided","duration":2.6536329999998998,"failureMessages":[],"meta":{}},{"ancestorTitles":["DopplerFactory opening auction methods"],"fullName":"DopplerFactory opening auction methods simulateCompleteOpeningAuction auto-mined path re-mines per attempt and succeeds after at least one failure","status":"passed","title":"simulateCompleteOpeningAuction auto-mined path re-mines per attempt and succeeds after at least one failure","duration":2.5224560000001475,"failureMessages":[],"meta":{}},{"ancestorTitles":["DopplerFactory opening auction methods"],"fullName":"DopplerFactory opening auction methods completeOpeningAuction auto-mined path re-mines per attempt and succeeds after at least one failure","status":"passed","title":"completeOpeningAuction auto-mined path re-mines per attempt and succeeds after at least one failure","duration":2.5627130000000307,"failureMessages":[],"meta":{}},{"ancestorTitles":["DopplerFactory opening auction methods"],"fullName":"DopplerFactory opening auction methods simulateCompleteOpeningAuction auto-mined path throws after bounded remine attempts are exhausted with attempt count","status":"passed","title":"simulateCompleteOpeningAuction auto-mined path throws after bounded remine attempts are exhausted with attempt count","duration":2.5238480000000436,"failureMessages":[],"meta":{}},{"ancestorTitles":["DopplerFactory opening auction methods"],"fullName":"DopplerFactory opening auction methods recover/sweep opening-auction incentive wrappers require a wallet client","status":"passed","title":"recover/sweep opening-auction incentive wrappers require a wallet client","duration":1.2916900000000169,"failureMessages":[],"meta":{}}],"startTime":1776298724513,"endTime":1776298724545.2917,"status":"passed","message":"","name":"/home/runner/work/doppler-sdk/doppler-sdk/test/evm/unit/entities/DopplerFactory.openingAuction.test.ts"},{"assertionResults":[{"ancestorTitles":["DopplerFactory","encodeCreateMulticurveParams"],"fullName":"DopplerFactory encodeCreateMulticurveParams appends a fallback curve when shares total less than 100%","status":"passed","title":"appends a fallback curve when shares total less than 100%","duration":14.494181000000026,"failureMessages":[],"meta":{}},{"ancestorTitles":["DopplerFactory","encodeCreateMulticurveParams"],"fullName":"DopplerFactory encodeCreateMulticurveParams allows curves with non-positive ticks","status":"passed","title":"allows curves with non-positive ticks","duration":2.4644369999998617,"failureMessages":[],"meta":{}},{"ancestorTitles":["DopplerFactory","encodeCreateMulticurveParams"],"fullName":"DopplerFactory encodeCreateMulticurveParams encodes decay multicurve params with decay initializer","status":"passed","title":"encodes decay multicurve params with decay initializer","duration":2.535871000000043,"failureMessages":[],"meta":{}},{"ancestorTitles":["DopplerFactory","encodeCreateMulticurveParams"],"fullName":"DopplerFactory encodeCreateMulticurveParams computes decay multicurve poolId with dynamic fee flag","status":"passed","title":"computes decay multicurve poolId with dynamic fee flag","duration":3.862097000000176,"failureMessages":[],"meta":{}},{"ancestorTitles":["DopplerFactory","encodeCreateMulticurveParams"],"fullName":"DopplerFactory encodeCreateMulticurveParams computes rehype multicurve poolId using the doppler-hook initializer as the pool hook","status":"passed","title":"computes rehype multicurve poolId using the doppler-hook initializer as the pool hook","duration":3.409734999999955,"failureMessages":[],"meta":{}},{"ancestorTitles":["DopplerFactory","encodeCreateMulticurveParams"],"fullName":"DopplerFactory encodeCreateMulticurveParams computes doppler-hook initializer poolId without a rehype hook using the static pool fee","status":"passed","title":"computes doppler-hook initializer poolId without a rehype hook using the static pool fee","duration":2.2117809999999736,"failureMessages":[],"meta":{}},{"ancestorTitles":["DopplerFactory","encodeCreateMulticurveParams"],"fullName":"DopplerFactory encodeCreateMulticurveParams encodes rehype initialization calldata using the new hook InitData layout","status":"passed","title":"encodes rehype initialization calldata using the new hook InitData layout","duration":4.519954999999982,"failureMessages":[],"meta":{}},{"ancestorTitles":["DopplerFactory","encodeCreateMulticurveParams"],"fullName":"DopplerFactory encodeCreateMulticurveParams uses an interior farTick when DopplerHookInitializer is selected without hook config","status":"passed","title":"uses an interior farTick when DopplerHookInitializer is selected without hook config","duration":4.901000999999951,"failureMessages":[],"meta":{}},{"ancestorTitles":["DopplerFactory","encodeCreateMulticurveParams"],"fullName":"DopplerFactory encodeCreateMulticurveParams computes rehype multicurve poolId with zero hook when no hook config is set","status":"passed","title":"computes rehype multicurve poolId with zero hook when no hook config is set","duration":4.742620999999872,"failureMessages":[],"meta":{}},{"ancestorTitles":["DopplerFactory","encodeCreateMulticurveParams"],"fullName":"DopplerFactory encodeCreateMulticurveParams rejects conflicting decay initializer and legacy schedule fields","status":"passed","title":"rejects conflicting decay initializer and legacy schedule fields","duration":1.2942350000000715,"failureMessages":[],"meta":{}},{"ancestorTitles":["DopplerFactory","encodeCreateMulticurveParams"],"fullName":"DopplerFactory encodeCreateMulticurveParams rejects dopplerHook migration for multicurve auctions","status":"passed","title":"rejects dopplerHook migration for multicurve auctions","duration":0.7262459999999464,"failureMessages":[],"meta":{}},{"ancestorTitles":["DopplerFactory","encodeCreateMulticurveParams"],"fullName":"DopplerFactory encodeCreateMulticurveParams accepts decay startFee up to 80%","status":"passed","title":"accepts decay startFee up to 80%","duration":1.516352999999981,"failureMessages":[],"meta":{}},{"ancestorTitles":["DopplerFactory","encodeCreateMulticurveParams"],"fullName":"DopplerFactory encodeCreateMulticurveParams rejects decay startFee above 80%","status":"passed","title":"rejects decay startFee above 80%","duration":0.8673109999999724,"failureMessages":[],"meta":{}},{"ancestorTitles":["DopplerFactory","createStaticAuction"],"fullName":"DopplerFactory createStaticAuction should validate parameters","status":"passed","title":"should validate parameters","duration":1.692143999999871,"failureMessages":[],"meta":{}},{"ancestorTitles":["DopplerFactory","createStaticAuction"],"fullName":"DopplerFactory createStaticAuction rejects dopplerHook migration for static auctions","status":"passed","title":"rejects dopplerHook migration for static auctions","duration":0.6176820
[...]
eta":{}},{"ancestorTitles":["marketCapHelpers","marketCapToTicksForMulticurve"],"fullName":"marketCapHelpers marketCapToTicksForMulticurve should throw when range is too narrow","status":"passed","title":"should throw when range is too narrow","duration":37.0695189999999,"failureMessages":[],"meta":{}},{"ancestorTitles":["marketCapHelpers","marketCapToTicksForStaticAuction"],"fullName":"marketCapHelpers marketCapToTicksForStaticAuction should produce POSITIVE ticks for any market cap range","status":"passed","title":"should produce POSITIVE ticks for any market cap range","duration":0.6574269999999842,"failureMessages":[],"meta":{}},{"ancestorTitles":["marketCapHelpers","marketCapToTicksForStaticAuction"],"fullName":"marketCapHelpers marketCapToTicksForStaticAuction should align to tick spacing","status":"passed","title":"should align to tick spacing","duration":0.8317350000000943,"failureMessages":[],"meta":{}},{"ancestorTitles":["marketCapHelpers","marketCapToTicksForStaticAuction"],"fullName":"marketCapHelpers marketCapToTicksForStaticAuction should throw on invalid range (start >= end)","status":"passed","title":"should throw on invalid range (start >= end)","duration":1.197542999999996,"failureMessages":[],"meta":{}},{"ancestorTitles":["marketCapHelpers","marketCapToTicksForStaticAuction"],"fullName":"marketCapHelpers marketCapToTicksForStaticAuction should throw on negative market caps","status":"passed","title":"should throw on negative market caps","duration":0.32708500000001095,"failureMessages":[],"meta":{}},{"ancestorTitles":["marketCapHelpers","marketCapToTicksForStaticAuction"],"fullName":"marketCapHelpers marketCapToTicksForStaticAuction should handle ETH numeraire scenario","status":"passed","title":"should handle ETH numeraire scenario","duration":0.26253399999995963,"failureMessages":[],"meta":{}},{"ancestorTitles":["marketCapHelpers","marketCapToTicksForStaticAuction"],"fullName":"marketCapHelpers marketCapToTicksForStaticAuction should handle USDC numeraire scenario","status":"passed","title":"should handle USDC numeraire scenario","duration":0.2558609999999817,"failureMessages":[],"meta":{}},{"ancestorTitles":["marketCapHelpers","marketCapToTicksForDynamicAuction"],"fullName":"marketCapHelpers marketCapToTicksForDynamicAuction should produce POSITIVE ticks for ETH numeraire (token1)","status":"passed","title":"should produce POSITIVE ticks for ETH numeraire (token1)","duration":0.48192699999992783,"failureMessages":[],"meta":{}},{"ancestorTitles":["marketCapHelpers","marketCapToTicksForDynamicAuction"],"fullName":"marketCapHelpers marketCapToTicksForDynamicAuction should produce NEGATIVE ticks for USDC numeraire (token0)","status":"passed","title":"should produce NEGATIVE ticks for USDC numeraire (token0)","duration":0.26022899999998117,"failureMessages":[],"meta":{}},{"ancestorTitles":["marketCapHelpers","marketCapToTicksForDynamicAuction"],"fullName":"marketCapHelpers marketCapToTicksForDynamicAuction should align to tick spacing","status":"passed","title":"should align to tick spacing","duration":0.8388190000000577,"failureMessages":[],"meta":{}},{"ancestorTitles":["marketCapHelpers","marketCapToTicksForDynamicAuction"],"fullName":"marketCapHelpers marketCapToTicksForDynamicAuction should throw on invalid range (start >= end)","status":"passed","title":"should throw on invalid range (start >= end)","duration":0.29361199999993914,"failureMessages":[],"meta":{}},{"ancestorTitles":["marketCapHelpers","applyTickOffsets"],"fullName":"marketCapHelpers applyTickOffsets should correctly apply offsets for token1 (WETH numeraire)","status":"passed","title":"should correctly apply offsets for token1 (WETH numeraire)","duration":0.2684860000000526,"failureMessages":[],"meta":{}},{"ancestorTitles":["marketCapHelpers","applyTickOffsets"],"fullName":"marketCapHelpers applyTickOffsets should correctly apply offsets for token0 (high numeraire)","status":"passed","title":"should correctly apply offsets for token0 (high numeraire)","duration":0.1979319999999234,"failureMessages":[],"meta":{}},{"ancestorTitles":["marketCapHelpers","applyTickOffsets"],"fullName":"marketCapHelpers applyTickOffsets should match reference values for multiple curves","status":"passed","title":"should match reference values for multiple curves","duration":0.3121680000000424,"failureMessages":[],"meta":{}},{"ancestorTitles":["marketCapHelpers","applyTickOffsets"],"fullName":"marketCapHelpers applyTickOffsets should maintain tickLower <= tickUpper for token1","status":"passed","title":"should maintain tickLower <= tickUpper for token1","duration":0.18023900000002868,"failureMessages":[],"meta":{}},{"ancestorTitles":["marketCapHelpers","applyTickOffsets"],"fullName":"marketCapHelpers applyTickOffsets should maintain tickLower <= tickUpper for token0","status":"passed","title":"should maintain tickLower <= tickUpper for token0","duration":0.1979029999999966,"failureMessages":[],"meta":{}},{"ancestorTitles":["marketCapHelpers","validateMarketCapParameters"],"fullName":"marketCapHelpers validateMarketCapParameters should pass for reasonable values","status":"passed","title":"should pass for reasonable values","duration":1.4000540000000683,"failureMessages":[],"meta":{}},{"ancestorTitles":["marketCapHelpers","validateMarketCapParameters"],"fullName":"marketCapHelpers validateMarketCapParameters should warn on very small market caps","status":"passed","title":"should warn on very small market caps","duration":0.4428139999999985,"failureMessages":[],"meta":{}},{"ancestorTitles":["marketCapHelpers","validateMarketCapParameters"],"fullName":"marketCapHelpers validateMarketCapParameters should warn on very large market caps","status":"passed","title":"should warn on very large market caps","duration":0.2668319999999085,"failureMessages":[],"meta":{}},{"ancestorTitles":["marketCapHelpers","validateMarketCapParameters"],"fullName":"marketCapHelpers validateMarketCapParameters should warn on extremely small token price","status":"passed","title":"should warn on extremely small token price","duration":0.277341999999976,"failureMessages":[],"meta":{}},{"ancestorTitles":["marketCapHelpers","validateMarketCapParameters"],"fullName":"marketCapHelpers validateMarketCapParameters should warn on extremely large token price","status":"passed","title":"should warn on extremely large token price","duration":0.25174300000003313,"failureMessages":[],"meta":{}},{"ancestorTitles":["marketCapHelpers","tickToMarketCap (reverse conversion)"],"fullName":"marketCapHelpers tickToMarketCap (reverse conversion) should reverse marketCapToTickForMulticurve conversion","status":"passed","title":"should reverse marketCapToTickForMulticurve conversion","duration":0.30170799999996234,"failureMessages":[],"meta":{}},{"ancestorTitles":["marketCapHelpers","tickToMarketCap (reverse conversion)"],"fullName":"marketCapHelpers tickToMarketCap (reverse conversion) should work for various market caps","status":"passed","title":"should work for various market caps","duration":0.8759880000000067,"failureMessages":[],"meta":{}},{"ancestorTitles":["marketCapHelpers","tickToMarketCap (reverse conversion)"],"fullName":"marketCapHelpers tickToMarketCap (reverse conversion) should work with positive ticks from Static auction","status":"passed","title":"should work with positive ticks from Static auction","duration":0.2483270000000175,"failureMessages":[],"meta":{}},{"ancestorTitles":["marketCapHelpers","tickToMarketCap (reverse conversion)"],"fullName":"marketCapHelpers tickToMarketCap (reverse conversion) should work with negative ticks from Multicurve","status":"passed","title":"should work with negative ticks from Multicurve","duration":0.2136719999999741,"failureMessages":[],"meta":{}},{"ancestorTitles":["marketCapHelpers","integration: reference validation"],"fullName":"marketCapHelpers integration: reference validation should produce expected peg tick","status":"passed","title":"should produce expected peg tick","duration":0.19463599999994585,"failureMessages":[],"meta":{}},{"ancestorTitles":["marketCapHelpers","integration: reference validation"],"fullName":"marketCapHelpers integration: reference validation should produce expected curve ranges","status":"passed","title":"should produce expected curve ranges","duration":0.37257099999999355,"failureMessages":[],"meta":{}}],"startTime":1776298721679,"endTime":1776298721749.3726,"status":"passed","message":"","name":"/home/runner/work/doppler-sdk/doppler-sdk/test/evm/unit/utils/marketCapHelpers.test.ts"},{"assertionResults":[{"ancestorTitles":["priceHelpers","calculateTickRange"],"fullName":"priceHelpers calculateTickRange should calculate tick range for price range","status":"passed","title":"should calculate tick range for price range","duration":2.5998420000000806,"failureMessages":[],"meta":{}},{"ancestorTitles":["priceHelpers","calculateTickRange"],"fullName":"priceHelpers calculateTickRange should handle different tick spacings","status":"passed","title":"should handle different tick spacings","duration":0.618814000000043,"failureMessages":[],"meta":{}},{"ancestorTitles":["priceHelpers","calculateTokensToSell"],"fullName":"priceHelpers calculateTokensToSell should calculate tokens needed for target raise","status":"passed","title":"should calculate tokens needed for target raise","duration":0.35574899999994614,"failureMessages":[],"meta":{}},{"ancestorTitles":["priceHelpers","calculateTokensToSell"],"fullName":"priceHelpers calculateTokensToSell should handle fractional amounts","status":"passed","title":"should handle fractional amounts","duration":0.40152599999998984,"failureMessages":[],"meta":{}},{"ancestorTitles":["priceHelpers","calculateGamma"],"fullName":"priceHelpers calculateGamma should calculate gamma for dynamic auction","status":"passed","title":"should calculate gamma for dynamic auction","duration":0.30872099999999136,"failureMessages":[],"meta":{}},{"ancestorTitles":["priceHelpers","calculateGamma"],"fullName":"priceHelpers calculateGamma should handle different epoch lengths","status":"passed","title":"should handle different epoch lengths","duration":0.3354910000000473,"failureMessages":[],"meta":{}},{"ancestorTitles":["priceHelpers","estimatePriceAtEpoch"],"fullName":"priceHelpers estimatePriceAtEpoch should estimate price at different epochs","status":"passed","title":"should estimate price at different epochs","duration":0.5914629999999761,"failureMessages":[],"meta":{}},{"ancestorTitles":["priceHelpers","estimatePriceAtEpoch"],"fullName":"priceHelpers estimatePriceAtEpoch should handle decreasing prices","status":"passed","title":"should handle decreasing prices","duration":0.3150319999999738,"failureMessages":[],"meta":{}},{"ancestorTitles":["priceHelpers","formatTickAsPrice"],"fullName":"priceHelpers formatTickAsPrice should format tick as readable price","status":"passed","title":"should format tick as readable price","duration":0.7686459999999897,"failureMessages":[],"meta":{}},{"ancestorTitles":["priceHelpers","formatTickAsPrice"],"fullName":"priceHelpers formatTickAsPrice should use scientific notation for very small prices","status":"passed","title":"should use scientific notation for very small prices","duration":0.3716190000000097,"failureMessages":[],"meta":{}},{"ancestorTitles":["priceHelpers","formatTickAsPrice"],"fullName":"priceHelpers formatTickAsPrice should format large prices with 2 decimals","status":"passed","title":"should format large prices with 2 decimals","duration":0.28338300000007166,"failureMessages":[],"meta":{}},{"ancestorTitles":["priceHelpers","calculateMarketCap"],"fullName":"priceHelpers calculateMarketCap should calculate market cap in ETH","status":"passed","title":"should calculate market cap in ETH","duration":0.406545000000051,"failureMessages":[],"meta":{}},{"ancestorTitles":["priceHelpers","calculateMarketCap"],"fullName":"priceHelpers calculateMarketCap should include USD value when ETH price provided","status":"passed","title":"should include USD value when ETH price provided","duration":24.653359000000023,"failureMessages":[],"meta":{}},{"ancestorTitles":["priceHelpers","calculateFDV"],"fullName":"priceHelpers calculateFDV should calculate fully diluted valuation","status":"passed","title":"should calculate fully diluted valuation","duration":0.3411519999999655,"failureMessages":[],"meta":{}},{"ancestorTitles":["priceHelpers","estimateSlippage"],"fullName":"priceHelpers estimateSlippage should estimate slippage for trades","status":"passed","title":"should estimate slippage for trades","duration":0.3515109999999595,"failureMessages":[],"meta":{}},{"ancestorTitles":["priceHelpers","estimateSlippage"],"fullName":"priceHelpers estimateSlippage should cap slippage at 100%","status":"passed","title":"should cap slippage at 100%","duration":0.6687180000000126,"failureMessages":[],"meta":{}}],"startTime":1776298735871,"endTime":1776298735905.6687,"status":"passed","message":"","name":"/home/runner/work/doppler-sdk/doppler-sdk/test/evm/unit/utils/priceHelpers.test.ts"},{"assertionResults":[{"ancestorTitles":["tickMath","getSqrtRatioAtTick"],"fullName":"tickMath getSqrtRatioAtTick should return correct sqrt ratio for tick 0","status":"passed","title":"should return correct sqrt ratio for tick 0","duration":1.1571179999999686,"failureMessages":[],"meta":{}},{"ancestorTitles":["tickMath","getSqrtRatioAtTick"],"fullName":"tickMath getSqrtRatioAtTick should return correct sqrt ratio for positive ticks","status":"passed","title":"should return correct sqrt ratio for positive ticks","duration":0.374875999999972,"failureMessages":[],"meta":{}},{"ancestorTitles":["tickMath","getSqrtRatioAtTick"],"fullName":"tickMath getSqrtRatioAtTick should return correct sqrt ratio for negative ticks","status":"passed","title":"should return correct sqrt ratio for negative ticks","duration":0.34862599999996746,"failureMessages":[],"meta":{}},{"ancestorTitles":["tickMath","getSqrtRatioAtTick"],"fullName":"tickMath getSqrtRatioAtTick should throw for out of bounds ticks","status":"passed","title":"should throw for out of bounds ticks","duration":1.657049000000029,"failureMessages":[],"meta":{}},{"ancestorTitles":["tickMath","getTickAtSqrtRatio"],"fullName":"tickMath getTickAtSqrtRatio should return 0 for sqrt ratio at price 1","status":"passed","title":"should return 0 for sqrt ratio at price 1","duration":0.5323419999999714,"failureMessages":[],"meta":{}},{"ancestorTitles":["tickMath","getTickAtSqrtRatio"],"fullName":"tickMath getTickAtSqrtRatio should handle basic conversions","status":"passed","title":"should handle basic conversions","duration":0.6274110000000519,"failureMessages":[],"meta":{}},{"ancestorTitles":["tickMath","sqrtPriceX96ToPrice"],"fullName":"tickMath sqrtPriceX96ToPrice should convert sqrt price to human readable price","status":"passed","title":"should convert sqrt price to human readable price","duration":0.4283260000000837,"failureMessages":[],"meta":{}},{"ancestorTitles":["tickMath","sqrtPriceX96ToPrice"],"fullName":"tickMath sqrtPriceX96ToPrice should handle different decimals","status":"passed","title":"should handle different decimals","duration":0.2691869999999881,"failureMessages":[],"meta":{}},{"ancestorTitles":["tickMath","sqrtPriceX96ToPrice"],"fullName":"tickMath sqrtPriceX96ToPrice should invert price when token0IsBase is false","status":"passed","title":"should invert price when token0IsBase is false","duration":0.3637740000000349,"failureMessages":[],"meta":{}},{"ancestorTitles":["tickMath","priceToSqrtPriceX96"],"fullName":"tickMath priceToSqrtPriceX96 should convert price to sqrtPriceX96","status":"passed","title":"should convert price to sqrtPriceX96","duration":0.4688220000000456,"failureMessages":[],"meta":{}},{"ancestorTitles":["tickMath","priceToSqrtPriceX96"],"fullName":"tickMath priceToSqrtPriceX96 should handle decimal adjustments","status":"passed","title":"should handle decimal adjustments","duration":0.37616800000000694,"failureMessages":[],"meta":{}},{"ancestorTitles":["tickMath","tickToPrice"],"fullName":"tickMath tickToPrice should convert tick to price","status":"passed","title":"should convert tick to price","duration":0.2946039999999357,"failureMessages":[],"meta":{}},{"ancestorTitles":["tickMath","tickToPrice"],"fullName":"tickMath tickToPrice should handle positive ticks","status":"passed","title":"should handle positive ticks","duration":0.2292810000000145,"failureMessages":[],"meta":{}},{"ancestorTitles":["tickMath","tickToPrice"],"fullName":"tickMath tickToPrice should handle negative ticks","status":"passed","title":"should handle negative ticks","duration":0.2792849999999589,"failureMessages":[],"meta":{}},{"ancestorTitles":["tickMath","priceToTick"],"fullName":"tickMath priceToTick should convert price to tick","status":"passed","title":"should convert price to tick","duration":0.2951460000000452,"failureMessages":[],"meta":{}},{"ancestorTitles":["tickMath","priceToTick"],"fullName":"tickMath priceToTick should convert between price and tick","status":"passed","title":"should convert between price and tick","duration":0.38996399999996356,"failureMessages":[],"meta":{}},{"ancestorTitles":["tickMath","mixed decimals precision (issue #33)"],"fullName":"tickMath mixed decimals precision (issue #33) should handle USDC/WETH price conversions accurately","status":"passed","title":"should handle USDC/WETH price conversions accurately","duration":0.3209040000000414,"failureMessages":[],"meta":{}},{"ancestorTitles":["tickMath","mixed decimals precision (issue #33)"],"fullName":"tickMath mixed decimals precision (issue #33) should handle very small prices with mixed decimals","status":"passed","title":"should handle very small prices with mixed decimals","duration":0.27956699999992907,"failureMessages":[],"meta":{}},{"ancestorTitles":["tickMath","mixed decimals precision (issue #33)"],"fullName":"tickMath mixed decimals precision (issue #33) should handle large prices with mixed decimals","status":"passed","title":"should handle large prices with mixed decimals","duration":0.4168250000000171,"failureMessages":[],"meta":{}},{"ancestorTitles":["tickMath","mixed decimals precision (issue #33)"],"fullName":"tickMath mixed decimals precision (issue #33) should be consistent across roundtrip conversions","status":"passed","title":"should be consistent across roundtrip conversions","duration":2.209739000000013,"failureMessages":[],"meta":{}},{"ancestorTitles":["tickMath","mixed decimals precision (issue #33)"],"fullName":"tickMath mixed decimals precision (issue #33) should handle 6/18 decimal pair roundtrip","status":"passed","title":"should handle 6/18 decimal pair roundtrip","duration":0.6253480000000309,"failureMessages":[],"meta":{}},{"ancestorTitles":["tickMath","mixed decimals precision (issue #33)"],"fullName":"tickMath mixed decimals precision (issue #33) should handle 18/6 decimal pair roundtrip","status":"passed","title":"should handle 18/6 decimal pair roundtrip","duration":0.771282000000042,"failureMessages":[],"meta":{}},{"ancestorTitles":["tickMath","getNearestUsableTick"],"fullName":"tickMath getNearestUsableTick should round to nearest tick spacing","status":"passed","title":"should round to nearest tick spacing","duration":0.3331870000000663,"failureMessages":[],"meta":{}},{"ancestorTitles":["tickMath","getNearestUsableTick"],"fullName":"tickMath getNearestUsableTick should handle tick spacing of 60","status":"passed","title":"should handle tick spacing of 60","duration":0.28996600000004946,"failureMessages":[],"meta":{}},{"ancestorTitles":["tickMath","getNearestUsableTick"],"fullName":"tickMath getNearestUsableTick should respect min/max bounds","status":"passed","title":"should respect min/max bounds","duration":0.27351499999997486,"failureMessages":[],"meta":{}}],"startTime":1776298733450,"endTime":1776298733465.29,"status":"passed","message":"","name":"/home/runner/work/doppler-sdk/doppler-sdk/test/evm/unit/utils/tickMath.test.ts"}]}